<?xml version="1.0" encoding="UTF-8"?>
<beans xmlns="http://www.springframework.org/schema/beans"
       xmlns:xsi="http://www.w3.org/2001/XMLSchema-instance"
       xmlns:context="http://www.springframework.org/schema/context"
       xmlns:repo="http://www.cuba-platform.org/schema/script/repositories"
       xsi:schemaLocation="http://www.springframework.org/schema/beans http://www.springframework.org/schema/beans/spring-beans-4.3.xsd
        http://www.springframework.org/schema/context http://www.springframework.org/schema/context/spring-context-4.3.xsd">

    <repo:script-repositories>
        <repo:base-packages>
            <repo:base-package>com.company.rnd.scriptrepo.core.test.database</repo:base-package>
            <repo:base-package>com.company.rnd.scriptrepo.core.test.files</repo:base-package>
        </repo:base-packages>
        <repo:annotations-config>
            <repo:annotation-mapping annotation-class="com.company.rnd.scriptrepo.core.test.database.DbGroovyScript"
                                     provider-bean-name="groovyDbProvider"
                                     executor-bean-name="groovyJsrExecutor"/>
        </repo:annotations-config>
    </repo:script-repositories>

    <!-- Annotation-based beans -->
    <context:component-scan base-package="com.company.rnd.scriptrepo"/>

</beans>
